1.100186
1.887722
2.710375
1.514729
1.562158
1.398909
1.486164
1.266851
1.202760
1.235271
1.253736
1.063577
2.112477
1.431631
1.407085
1.368501
1.024844
1.115214
1.189224
1.251832
1.293241
1.321293
1.315983
1.017200
1.109834
1.165179
1.012511
1.009675
1.224200
1.305744
1.357241
1.808152
1.066192
1.231975
1.194794
1.584189
1.062706
1.441210
1.373963
1.353614
1.007861
1.041245
1.301676
1.386546
1.355127
1.418677
1.365096
2.160056
1.274495
1.277682
1.262883
1.508126
1.174195
1.240311
1.218339
1.135192
1.421392
1.412545
1.346151
2.350436
1.172252
1.187591
1.241012
1.280887
1.285335
1.284584
1.352292
1.312998
1.438495
1.212979
1.326914
1.267392
1.286828
1.341842
1.330069
1.050041
1.366298
1.045443
1.175057
1.251171
1.275247
1.612603
1.078445
1.219210
1.186288
1.264978
1.144169
1.609336
1.462169
1.363092
1.415471
1.230822
1.542681
1.110756
1.148508
1.223038
1.226124
1.285766
1.275156
1.256350
