0.145407
0.079411
0.043613
0.078540
0.056928
0.035879
0.071085
0.036700
0.082607
0.041659
0.041439
0.062288
0.039675
0.056848
0.047119
0.112705
0.038393
0.041108
0.037922
0.079211
0.040357
0.037441
0.036830
0.041279
0.038634
0.039245
0.037621
0.046909
0.036770
0.061667
0.039706
0.037852
0.041248
0.045186
0.038494
0.037792
0.061176
0.038644
0.039515
0.063070
0.038222
0.039024
0.038523
0.062769
0.062549
0.038713
0.039024
0.037471
0.136600
0.061026
0.063932
0.039355
0.040547
0.039786
0.038894
0.039936
0.037230
0.041219
0.057339
0.060705
0.062079
0.062900
0.040647
0.111473
0.047090
0.061196
0.063191
0.041639
0.040367
0.039044
0.037731
0.039615
0.062710
0.063491
0.061697
0.040947
0.048312
0.069011
0.062449
0.041509
0.067258
0.047030
0.039115
0.061757
0.076946
0.041008
0.061898
0.063631
0.039796
0.039295
0.039535
0.039395
0.041489
0.062599
0.061918
0.040688
0.041289
0.054474
0.038393
0.065535
