67.066422
67.598857
66.978827
69.681969
66.502017
69.330144
66.275179
67.155058
65.319095
67.505781
66.339871
67.607593
68.173732
67.074307
65.861117
69.789201
70.276451
71.015586
66.523479
69.739628
70.092794
67.371388
68.143525
67.776594
66.533116
73.382013
66.993785
68.323796
69.171577
67.434958
66.805872
67.500802
67.281139
70.627324
68.669189
68.427371
67.059531
67.777074
67.896431
68.475433
68.319348
67.437875
65.834106
70.341816
68.428385
67.641148
66.589834
67.099517
67.142247
67.214252
66.470048
67.386498
66.618148
66.781947
66.570838
66.742833
66.156647
67.398901
66.480828
67.496347
66.373568
66.448197
66.531203
67.475166
66.714722
68.944430
66.262306
67.269026
65.908429
69.114311
66.592690
67.854812
67.091784
67.575324
66.213556
67.471137
66.204168
67.751538
66.875586
67.782547
66.106723
67.133192
65.894863
71.723577
67.385527
68.338587
66.268107
66.864334
66.905522
68.172203
68.188393
69.595410
69.554341
68.521121
70.903326
69.794766
69.357601
70.792930
69.799545
70.157489
