10
0.004780 -2616.167266 -0.016105 -0.005403 0.007847 0.001682 -0.005848 0.000354 -0.000623 -0.002929 
0.000000 -62963.405235 0.000000 0.000000 0.000000 0.000000 0.000000 0.000000 0.000000 0.000000 
0.002367 -616.371376 0.003900 -0.000207 -0.009195 -0.000607 0.010090 0.002969 -0.000617 -0.006552 
-0.016031 -49.207334 0.005570 0.016925 -0.002365 -0.019936 0.000862 0.005913 0.000262 0.014244 
-0.000762 1858.639773 0.020613 0.006804 -0.007993 -0.011340 0.003725 -0.005921 0.008351 0.003960 
0.002515 144.335117 0.004448 0.001635 -0.005634 0.006565 -0.007227 0.007056 0.002050 -0.011966 
0.002160 -573.971797 -0.010829 0.000535 0.007632 0.008529 -0.001197 -0.001062 -0.009772 -0.004935 
0.007210 2970.302550 -0.001979 0.002400 -0.005204 0.001721 0.003748 -0.003161 0.002302 0.006968 
0.003889 -87.319257 -0.004501 -0.011374 0.005345 0.016854 -0.010497 -0.005602 -0.003854 -0.002031 
-0.000392 448.760598 -0.011911 -0.010958 0.013081 0.009677 0.003601 -0.003954 0.002954 0.000226 
10
0.00290543 0.013659 -0.0138385 -0.0052082 0.00935057 -0.00262752 -0.0067947 0.00369513 -0.00061691 -0.000706678 
-0.00387979 -0.000395755 0.00469189 0.000403108 0.00311166 -0.00891907 -0.00195919 0.00691439 1.24797e-05 0.00459859 
0.00282053 0.0029139 0.00335119 -0.000253939 -0.009559 0.00043707 0.0103192 0.00215958 -0.000618057 -0.00708973 
-0.0153821 0.00762085 0.00478613 0.0168578 -0.00288482 -0.0184455 0.00118979 0.00475738 0.00025961 0.0134752 
0.00163739 -0.0113236 0.0177117 0.0065544 -0.00991732 -0.00582473 0.00493639 -0.0101969 0.00834323 0.00111638 
0.00303273 -0.00240937 0.00382189 0.00158138 -0.00604939 0.00775534 -0.00696591 0.00613359 0.00204818 -0.01258 
0.000899741 0.0100393 -0.009305 0.000666046 0.0086425 0.00563173 -0.00183319 0.00118423 -0.0097676 -0.00344092 
0.00697965 -0.0142743 -0.00170066 0.00242371 -0.00501907 0.00119172 0.00363193 -0.00275049 0.00230233 0.00724057 
0.0033651 0.00441522 -0.00386749 -0.0113198 0.00576468 0.0156493 -0.0107618 -0.00466822 -0.00385266 -0.00141041 
-0.00177882 -0.00352982 -0.0102343 -0.0108139 0.0141929 0.00649024 0.00290127 -0.00148311 0.0029586 0.00186937
2 1 99
10
0.002700 0.011330 -0.019533 -0.005221 0.015928 0.002215 -0.014715 -0.002254 -0.000081 0.002829 
-0.005185 -0.001272 0.004357 0.000528 0.006222 -0.010209 -0.005134 0.007207 0.000189 0.007205 
0.000717 0.036201 0.001182 -0.000063 -0.002786 -0.000184 0.003058 0.000900 -0.000187 -0.001985 
-0.016052 0.006458 0.005534 0.016927 -0.002280 -0.019930 0.000770 0.005886 0.000267 0.014304 
-0.001298 -0.038628 0.019730 0.006851 -0.005910 -0.011203 0.001439 -0.006593 0.008491 0.005444 
0.002319 -0.012335 0.004126 0.001652 -0.004874 0.006615 -0.008061 0.006811 0.002101 -0.011425 
0.001972 0.000660 -0.011140 0.000552 0.008363 0.008578 -0.002000 -0.001298 -0.009723 -0.004413 
0.006515 -0.049355 -0.003125 0.002461 -0.002502 0.001900 0.000783 -0.004033 0.002483 0.008893 
0.003824 0.001178 -0.004608 -0.011369 0.005598 0.016870 -0.010775 -0.005684 -0.003837 -0.001851 
-0.000834 -0.025694 -0.012639 -0.010919 0.014798 0.009790 0.001717 -0.004508 0.003069 0.001449 
10
0.00290543 0.013659 -0.0138385 -0.0052082 0.00935057 -0.00262752 -0.0067947 0.00369513 -0.00061691 -0.000706678 
-0.00387979 -0.000395755 0.00469189 0.000403108 0.00311166 -0.00891907 -0.00195919 0.00691439 1.24797e-05 0.00459859 
0.00282053 0.0029139 0.00335119 -0.000253939 -0.009559 0.00043707 0.0103192 0.00215958 -0.000618057 -0.00708973 
-0.0153821 0.00762085 0.00478613 0.0168578 -0.00288482 -0.0184455 0.00118979 0.00475738 0.00025961 0.0134752 
0.00163739 -0.0113236 0.0177117 0.0065544 -0.00991732 -0.00582473 0.00493639 -0.0101969 0.00834323 0.00111638 
0.00303273 -0.00240937 0.00382189 0.00158138 -0.00604939 0.00775534 -0.00696591 0.00613359 0.00204818 -0.01258 
0.000899741 0.0100393 -0.009305 0.000666046 0.0086425 0.00563173 -0.00183319 0.00118423 -0.0097676 -0.00344092 
0.00697965 -0.0142743 -0.00170066 0.00242371 -0.00501907 0.00119172 0.00363193 -0.00275049 0.00230233 0.00724057 
0.0033651 0.00441522 -0.00386749 -0.0113198 0.00576468 0.0156493 -0.0107618 -0.00466822 -0.00385266 -0.00141041 
-0.00177882 -0.00352982 -0.0102343 -0.0108139 0.0141929 0.00649024 0.00290127 -0.00148311 0.0029586 0.00186937
2 1 99
10
0.026347 -0.499216 3.265320 -34.810674 -64.048679 522.691623 -2245.060039 4355.919539 -93433.572722 63143.994834 
-0.056466 1.235391 -7.898689 83.837841 154.300103 -1259.042420 5407.783359 -10492.334324 225058.589439 -152098.418670 
-0.002856 0.127114 -0.790744 8.428385 15.503004 -126.577411 543.681897 -1054.844822 22626.267901 -15291.223793 
-0.023490 0.185004 -1.129346 12.054700 22.152270 -180.797844 776.476875 -1506.535342 32315.000839 -21839.012974 
-0.028366 0.645104 -4.179275 44.553986 81.977802 -669.000944 2873.443207 -5575.136454 119585.413504 -80817.847544 
-0.003441 0.139234 -0.901802 9.614006 17.685223 -144.347705 620.022228 -1202.992057 25804.086015 -17438.850957 
0.016662 -0.334821 2.195618 -23.402704 -43.064300 351.467880 -1509.586948 2928.940948 -62825.214480 42458.337355 
0.009861 -0.077304 0.401292 -4.275001 -7.877443 64.237801 -275.902613 535.318355 -11482.534304 7760.100577 
0.009917 -0.138922 0.912582 -9.738648 -17.896984 146.096692 -627.451600 1217.373804 -26112.542134 17647.295633 
0.015558 -0.382834 2.414914 -25.751690 -47.360833 386.572448 -1660.358116 3221.477954 -69100.122495 46699.040718 
10
0.00290543 0.013659 -0.0138385 -0.0052082 0.00935057 -0.00262752 -0.0067947 0.00369513 -0.00061691 -0.000706678 
-0.00387979 -0.000395755 0.00469189 0.000403108 0.00311166 -0.00891907 -0.00195919 0.00691439 1.24797e-05 0.00459859 
0.00282053 0.0029139 0.00335119 -0.000253939 -0.009559 0.00043707 0.0103192 0.00215958 -0.000618057 -0.00708973 
-0.0153821 0.00762085 0.00478613 0.0168578 -0.00288482 -0.0184455 0.00118979 0.00475738 0.00025961 0.0134752 
0.00163739 -0.0113236 0.0177117 0.0065544 -0.00991732 -0.00582473 0.00493639 -0.0101969 0.00834323 0.00111638 
0.00303273 -0.00240937 0.00382189 0.00158138 -0.00604939 0.00775534 -0.00696591 0.00613359 0.00204818 -0.01258 
0.000899741 0.0100393 -0.009305 0.000666046 0.0086425 0.00563173 -0.00183319 0.00118423 -0.0097676 -0.00344092 
0.00697965 -0.0142743 -0.00170066 0.00242371 -0.00501907 0.00119172 0.00363193 -0.00275049 0.00230233 0.00724057 
0.0033651 0.00441522 -0.00386749 -0.0113198 0.00576468 0.0156493 -0.0107618 -0.00466822 -0.00385266 -0.00141041 
-0.00177882 -0.00352982 -0.0102343 -0.0108139 0.0141929 0.00649024 0.00290127 -0.00148311 0.0029586 0.00186937
2 1 99
10
-0.799842 -0.736491 3.068868 0.025959 -1.115690 -0.086179 0.288345 -0.065465 0.010225 0.342714 
-0.371754 -0.012517 0.510823 0.001785 0.254143 -0.272380 -0.057701 0.730227 0.000137 0.310545 
-0.461259 -0.177935 -0.865556 0.001190 1.522982 0.036268 -0.580646 -0.638759 0.011879 0.893383 
0.299697 -0.040333 -0.119269 0.005430 0.037252 0.101920 -0.004214 -0.122590 -0.000271 -0.182454 
0.020668 0.093161 -0.639196 0.000204 0.183249 0.087657 -0.027588 0.177864 -0.015950 -0.074145 
-0.259286 0.080025 -0.522429 -0.004234 0.493220 -0.205526 0.217608 -0.803450 -0.020024 0.861417 
-0.046361 -0.063336 0.265965 0.000121 -0.138172 -0.050927 0.006836 0.025263 0.012934 0.072785 
0.401507 -0.265072 -0.125149 0.006925 -0.247263 0.030935 0.065007 -0.193913 0.015322 0.274130 
0.042760 0.018844 -0.055695 -0.015294 0.050782 0.069133 -0.041853 -0.067386 -0.007840 -0.016267 
-0.009314 -0.028176 -0.319987 -0.019547 0.265985 0.077942 0.028065 -0.103121 0.009900 0.003831 
10
0.00290543 0.013659 -0.0138385 -0.0052082 0.00935057 -0.00262752 -0.0067947 0.00369513 -0.00061691 -0.000706678 
-0.00387979 -0.000395755 0.00469189 0.000403108 0.00311166 -0.00891907 -0.00195919 0.00691439 1.24797e-05 0.00459859 
0.00282053 0.0029139 0.00335119 -0.000253939 -0.009559 0.00043707 0.0103192 0.00215958 -0.000618057 -0.00708973 
-0.0153821 0.00762085 0.00478613 0.0168578 -0.00288482 -0.0184455 0.00118979 0.00475738 0.00025961 0.0134752 
0.00163739 -0.0113236 0.0177117 0.0065544 -0.00991732 -0.00582473 0.00493639 -0.0101969 0.00834323 0.00111638 
0.00303273 -0.00240937 0.00382189 0.00158138 -0.00604939 0.00775534 -0.00696591 0.00613359 0.00204818 -0.01258 
0.000899741 0.0100393 -0.009305 0.000666046 0.0086425 0.00563173 -0.00183319 0.00118423 -0.0097676 -0.00344092 
0.00697965 -0.0142743 -0.00170066 0.00242371 -0.00501907 0.00119172 0.00363193 -0.00275049 0.00230233 0.00724057 
0.0033651 0.00441522 -0.00386749 -0.0113198 0.00576468 0.0156493 -0.0107618 -0.00466822 -0.00385266 -0.00141041 
-0.00177882 -0.00352982 -0.0102343 -0.0108139 0.0141929 0.00649024 0.00290127 -0.00148311 0.0029586 0.00186937
2 1 99
10
-0.048138 -0.422723 -0.315974 -0.137698 -0.358169 -0.135023 -0.283667 -0.105482 -0.300491 -0.161682 
-0.077695 -0.604195 -0.409226 -0.182481 -0.502540 -0.199428 -0.386475 -0.138313 -0.414672 -0.214188 
-0.029130 -0.256983 -0.174583 -0.078949 -0.227049 -0.081974 -0.155269 -0.060026 -0.179100 -0.101043 
-0.211344 -1.603784 -1.101208 -0.471359 -1.353285 -0.524497 -1.024535 -0.384715 -1.106516 -0.571698 
-0.035282 -0.296357 -0.174999 -0.079496 -0.246755 -0.100516 -0.177504 -0.074961 -0.187261 -0.099599 
0.103957 0.834436 0.579287 0.255241 0.696008 0.268624 0.525344 0.209941 0.576889 0.292360 
-0.036340 -0.307458 -0.228996 -0.095715 -0.258661 -0.090929 -0.203322 -0.078062 -0.227939 -0.120435 
0.179924 1.410639 0.976733 0.434185 1.189401 0.447899 0.910496 0.342267 0.981014 0.525109 
0.050487 0.388899 0.259552 0.105120 0.327645 0.137231 0.234140 0.087593 0.260199 0.137762 
-0.036137 -0.298278 -0.214461 -0.100318 -0.234150 -0.082662 -0.184056 -0.075442 -0.199596 -0.107006 
10
0.00290543 0.013659 -0.0138385 -0.0052082 0.00935057 -0.00262752 -0.0067947 0.00369513 -0.00061691 -0.000706678 
-0.00387979 -0.000395755 0.00469189 0.000403108 0.00311166 -0.00891907 -0.00195919 0.00691439 1.24797e-05 0.00459859 
0.00282053 0.0029139 0.00335119 -0.000253939 -0.009559 0.00043707 0.0103192 0.00215958 -0.000618057 -0.00708973 
-0.0153821 0.00762085 0.00478613 0.0168578 -0.00288482 -0.0184455 0.00118979 0.00475738 0.00025961 0.0134752 
0.00163739 -0.0113236 0.0177117 0.0065544 -0.00991732 -0.00582473 0.00493639 -0.0101969 0.00834323 0.00111638 
0.00303273 -0.00240937 0.00382189 0.00158138 -0.00604939 0.00775534 -0.00696591 0.00613359 0.00204818 -0.01258 
0.000899741 0.0100393 -0.009305 0.000666046 0.0086425 0.00563173 -0.00183319 0.00118423 -0.0097676 -0.00344092 
0.00697965 -0.0142743 -0.00170066 0.00242371 -0.00501907 0.00119172 0.00363193 -0.00275049 0.00230233 0.00724057 
0.0033651 0.00441522 -0.00386749 -0.0113198 0.00576468 0.0156493 -0.0107618 -0.00466822 -0.00385266 -0.00141041 
-0.00177882 -0.00352982 -0.0102343 -0.0108139 0.0141929 0.00649024 0.00290127 -0.00148311 0.0029586 0.00186937
2 1 99
10
-0.007623 -0.026321 0.032246 0.021518 0.107335 0.030639 0.020166 0.012802 0.060827 0.047657 
-0.006540 -0.002078 0.006530 0.002740 0.017952 -0.007667 -0.007334 0.006939 0.005299 0.013960 
-0.001585 0.009463 0.022814 0.012571 0.045989 0.013500 0.012717 0.005982 0.028686 0.023280 
-0.018894 -0.010767 0.027695 0.026435 0.022826 -0.010160 0.022202 0.013929 0.021799 0.024837 
0.007776 -0.008303 -0.016841 -0.015901 -0.098460 -0.036061 -0.010207 -0.014035 -0.043587 -0.043499 
0.004927 -0.005316 -0.004035 -0.004363 -0.032317 -0.000092 -0.007509 0.005925 -0.011718 -0.026539 
-0.000533 -0.021419 0.017949 0.011060 0.027035 0.018962 0.032763 0.010889 0.013918 0.000593 
0.017984 -0.011756 -0.048338 -0.026071 -0.119844 -0.029333 -0.012260 -0.012900 -0.062847 -0.053420 
0.002577 -0.008648 0.008257 -0.006497 0.015474 0.021740 0.003849 -0.000478 0.007142 0.001363 
0.004187 -0.014837 -0.024670 -0.021682 -0.039382 -0.002443 0.008900 -0.004249 -0.021744 -0.029305 
10
0.00290543 0.013659 -0.0138385 -0.0052082 0.00935057 -0.00262752 -0.0067947 0.00369513 -0.00061691 -0.000706678 
-0.00387979 -0.000395755 0.00469189 0.000403108 0.00311166 -0.00891907 -0.00195919 0.00691439 1.24797e-05 0.00459859 
0.00282053 0.0029139 0.00335119 -0.000253939 -0.009559 0.00043707 0.0103192 0.00215958 -0.000618057 -0.00708973 
-0.0153821 0.00762085 0.00478613 0.0168578 -0.00288482 -0.0184455 0.00118979 0.00475738 0.00025961 0.0134752 
0.00163739 -0.0113236 0.0177117 0.0065544 -0.00991732 -0.00582473 0.00493639 -0.0101969 0.00834323 0.00111638 
0.00303273 -0.00240937 0.00382189 0.00158138 -0.00604939 0.00775534 -0.00696591 0.00613359 0.00204818 -0.01258 
0.000899741 0.0100393 -0.009305 0.000666046 0.0086425 0.00563173 -0.00183319 0.00118423 -0.0097676 -0.00344092 
0.00697965 -0.0142743 -0.00170066 0.00242371 -0.00501907 0.00119172 0.00363193 -0.00275049 0.00230233 0.00724057 
0.0033651 0.00441522 -0.00386749 -0.0113198 0.00576468 0.0156493 -0.0107618 -0.00466822 -0.00385266 -0.00141041 
-0.00177882 -0.00352982 -0.0102343 -0.0108139 0.0141929 0.00649024 0.00290127 -0.00148311 0.0029586 0.00186937
2 1 99
10
0.004780 0.013850 -0.016105 -0.005403 0.007847 0.001682 -0.005848 0.000354 -0.000623 -0.002929 
-0.004515 -0.000461 0.005460 0.000469 0.003621 -0.010380 -0.002280 0.008047 0.000015 0.005352 
0.002367 0.002868 0.003900 -0.000207 -0.009195 -0.000607 0.010090 0.002969 -0.000617 -0.006552 
-0.016031 0.007555 0.005570 0.016925 -0.002365 -0.019936 0.000862 0.005913 0.000262 0.014244 
-0.000762 -0.011568 0.020613 0.006804 -0.007993 -0.011340 0.003725 -0.005921 0.008351 0.003960 
0.002515 -0.002462 0.004448 0.001635 -0.005634 0.006565 -0.007227 0.007056 0.002050 -0.011966 
0.002160 0.010168 -0.010829 0.000535 0.007632 0.008529 -0.001197 -0.001062 -0.009772 -0.004935 
0.007210 -0.014251 -0.001979 0.002400 -0.005204 0.001721 0.003748 -0.003161 0.002302 0.006968 
0.003889 0.004469 -0.004501 -0.011374 0.005345 0.016854 -0.010497 -0.005602 -0.003854 -0.002031 
-0.000392 -0.003388 -0.011911 -0.010958 0.013081 0.009677 0.003601 -0.003954 0.002954 0.000226 
10
0.00290543 0.013659 -0.0138385 -0.0052082 0.00935057 -0.00262752 -0.0067947 0.00369513 -0.00061691 -0.000706678 
-0.00387979 -0.000395755 0.00469189 0.000403108 0.00311166 -0.00891907 -0.00195919 0.00691439 1.24797e-05 0.00459859 
0.00282053 0.0029139 0.00335119 -0.000253939 -0.009559 0.00043707 0.0103192 0.00215958 -0.000618057 -0.00708973 
-0.0153821 0.00762085 0.00478613 0.0168578 -0.00288482 -0.0184455 0.00118979 0.00475738 0.00025961 0.0134752 
0.00163739 -0.0113236 0.0177117 0.0065544 -0.00991732 -0.00582473 0.00493639 -0.0101969 0.00834323 0.00111638 
0.00303273 -0.00240937 0.00382189 0.00158138 -0.00604939 0.00775534 -0.00696591 0.00613359 0.00204818 -0.01258 
0.000899741 0.0100393 -0.009305 0.000666046 0.0086425 0.00563173 -0.00183319 0.00118423 -0.0097676 -0.00344092 
0.00697965 -0.0142743 -0.00170066 0.00242371 -0.00501907 0.00119172 0.00363193 -0.00275049 0.00230233 0.00724057 
0.0033651 0.00441522 -0.00386749 -0.0113198 0.00576468 0.0156493 -0.0107618 -0.00466822 -0.00385266 -0.00141041 
-0.00177882 -0.00352982 -0.0102343 -0.0108139 0.0141929 0.00649024 0.00290127 -0.00148311 0.0029586 0.00186937
2 1 99
10
0.018650 0.006127 -0.020986 -0.009915 0.004153 0.003940 0.004870 -0.003012 0.006850 -0.005207 
-0.001580 -0.002095 0.004428 -0.000486 0.002840 -0.009902 -0.000012 0.007335 0.001596 0.004870 
0.006545 0.000541 0.002430 -0.001566 -0.010308 0.000074 0.013319 0.001954 0.001635 -0.007238 
-0.131293 0.071735 0.046127 0.054420 0.028334 -0.038698 -0.088209 0.033887 -0.061845 0.033178 
-0.072479 0.028365 0.045848 0.030134 0.011108 -0.023014 -0.051696 0.011485 -0.030292 0.015741 
0.063892 -0.036638 -0.017149 -0.018331 -0.021982 0.016556 0.040203 -0.007840 0.035122 -0.022049 
-0.008690 0.016209 -0.007012 0.004065 0.010521 0.006763 -0.009581 0.001571 -0.015618 -0.003153 
0.001669 -0.011165 -0.000029 0.004202 -0.003728 0.000819 -0.000534 -0.001816 -0.000684 0.007878 
0.070662 -0.032712 -0.027996 -0.033096 -0.012440 0.027723 0.041103 -0.021808 0.032125 -0.013000 
0.064814 -0.039697 -0.034855 -0.032170 -0.004286 0.020292 0.053991 -0.019779 0.038089 -0.010485 
10
0.00290543 0.013659 -0.0138385 -0.0052082 0.00935057 -0.00262752 -0.0067947 0.00369513 -0.00061691 -0.000706678 
-0.00387979 -0.000395755 0.00469189 0.000403108 0.00311166 -0.00891907 -0.00195919 0.00691439 1.24797e-05 0.00459859 
0.00282053 0.0029139 0.00335119 -0.000253939 -0.009559 0.00043707 0.0103192 0.00215958 -0.000618057 -0.00708973 
-0.0153821 0.00762085 0.00478613 0.0168578 -0.00288482 -0.0184455 0.00118979 0.00475738 0.00025961 0.0134752 
0.00163739 -0.0113236 0.0177117 0.0065544 -0.00991732 -0.00582473 0.00493639 -0.0101969 0.00834323 0.00111638 
0.00303273 -0.00240937 0.00382189 0.00158138 -0.00604939 0.00775534 -0.00696591 0.00613359 0.00204818 -0.01258 
0.000899741 0.0100393 -0.009305 0.000666046 0.0086425 0.00563173 -0.00183319 0.00118423 -0.0097676 -0.00344092 
0.00697965 -0.0142743 -0.00170066 0.00242371 -0.00501907 0.00119172 0.00363193 -0.00275049 0.00230233 0.00724057 
0.0033651 0.00441522 -0.00386749 -0.0113198 0.00576468 0.0156493 -0.0107618 -0.00466822 -0.00385266 -0.00141041 
-0.00177882 -0.00352982 -0.0102343 -0.0108139 0.0141929 0.00649024 0.00290127 -0.00148311 0.0029586 0.00186937
2 1 99
