Inverse Matrix by Gauss-Jordan elimination with row swaps
0.002905 0.013659 -0.013838 -0.005208 0.009351 -0.002628 -0.006795 0.003695 -0.000617 -0.000707 
-0.003880 -0.000396 0.004692 0.000403 0.003112 -0.008919 -0.001959 0.006914 0.000012 0.004599 
0.002821 0.002914 0.003351 -0.000254 -0.009559 0.000437 0.010319 0.002160 -0.000618 -0.007090 
-0.015382 0.007621 0.004786 0.016858 -0.002885 -0.018445 0.001190 0.004757 0.000260 0.013475 
0.001637 -0.011324 0.017712 0.006554 -0.009917 -0.005825 0.004936 -0.010197 0.008343 0.001116 
0.003033 -0.002409 0.003822 0.001581 -0.006049 0.007755 -0.006966 0.006134 0.002048 -0.012580 
0.000900 0.010039 -0.009305 0.000666 0.008642 0.005632 -0.001833 0.001184 -0.009768 -0.003441 
0.006980 -0.014274 -0.001701 0.002424 -0.005019 0.001192 0.003632 -0.002750 0.002302 0.007241 
0.003365 0.004415 -0.003867 -0.011320 0.005765 0.015649 -0.010762 -0.004668 -0.003853 -0.001410 
-0.001779 -0.003530 -0.010234 -0.010814 0.014193 0.006490 0.002901 -0.001483 0.002959 0.001869 

************ New Inverse Matrix (Sherman-Morrison):
0.004780 -2616.167266 -0.016105 -0.005403 0.007847 0.001682 -0.005848 0.000354 -0.000623 -0.002929 
0.000000 -62963.405235 0.000000 0.000000 0.000000 0.000000 0.000000 0.000000 0.000000 0.000000 
0.002367 -616.371376 0.003900 -0.000207 -0.009195 -0.000607 0.010090 0.002969 -0.000617 -0.006552 
-0.016031 -49.207334 0.005570 0.016925 -0.002365 -0.019936 0.000862 0.005913 0.000262 0.014244 
-0.000762 1858.639773 0.020613 0.006804 -0.007993 -0.011340 0.003725 -0.005921 0.008351 0.003960 
0.002515 144.335117 0.004448 0.001635 -0.005634 0.006565 -0.007227 0.007056 0.002050 -0.011966 
0.002160 -573.971797 -0.010829 0.000535 0.007632 0.008529 -0.001197 -0.001062 -0.009772 -0.004935 
0.007210 2970.302550 -0.001979 0.002400 -0.005204 0.001721 0.003748 -0.003161 0.002302 0.006968 
0.003889 -87.319257 -0.004501 -0.011374 0.005345 0.016854 -0.010497 -0.005602 -0.003854 -0.002031 
-0.000392 448.760598 -0.011911 -0.010958 0.013081 0.009677 0.003601 -0.003954 0.002954 0.000226 
0-----------------------------------------------------------------------------------------------------------------------------------------------------

Inverse Matrix by Gauss-Jordan elimination with row swaps
0.002905 0.013659 -0.013838 -0.005208 0.009351 -0.002628 -0.006795 0.003695 -0.000617 -0.000707 
-0.003880 -0.000396 0.004692 0.000403 0.003112 -0.008919 -0.001959 0.006914 0.000012 0.004599 
0.002821 0.002914 0.003351 -0.000254 -0.009559 0.000437 0.010319 0.002160 -0.000618 -0.007090 
-0.015382 0.007621 0.004786 0.016858 -0.002885 -0.018445 0.001190 0.004757 0.000260 0.013475 
0.001637 -0.011324 0.017712 0.006554 -0.009917 -0.005825 0.004936 -0.010197 0.008343 0.001116 
0.003033 -0.002409 0.003822 0.001581 -0.006049 0.007755 -0.006966 0.006134 0.002048 -0.012580 
0.000900 0.010039 -0.009305 0.000666 0.008642 0.005632 -0.001833 0.001184 -0.009768 -0.003441 
0.006980 -0.014274 -0.001701 0.002424 -0.005019 0.001192 0.003632 -0.002750 0.002302 0.007241 
0.003365 0.004415 -0.003867 -0.011320 0.005765 0.015649 -0.010762 -0.004668 -0.003853 -0.001410 
-0.001779 -0.003530 -0.010234 -0.010814 0.014193 0.006490 0.002901 -0.001483 0.002959 0.001869 

************ New Inverse Matrix (Sherman-Morrison):
0.002700 0.011330 -0.019533 -0.005221 0.015928 0.002215 -0.014715 -0.002254 -0.000081 0.002829 
-0.005185 -0.001272 0.004357 0.000528 0.006222 -0.010209 -0.005134 0.007207 0.000189 0.007205 
0.000717 0.036201 0.001182 -0.000063 -0.002786 -0.000184 0.003058 0.000900 -0.000187 -0.001985 
-0.016052 0.006458 0.005534 0.016927 -0.002280 -0.019930 0.000770 0.005886 0.000267 0.014304 
-0.001298 -0.038628 0.019730 0.006851 -0.005910 -0.011203 0.001439 -0.006593 0.008491 0.005444 
0.002319 -0.012335 0.004126 0.001652 -0.004874 0.006615 -0.008061 0.006811 0.002101 -0.011425 
0.001972 0.000660 -0.011140 0.000552 0.008363 0.008578 -0.002000 -0.001298 -0.009723 -0.004413 
0.006515 -0.049355 -0.003125 0.002461 -0.002502 0.001900 0.000783 -0.004033 0.002483 0.008893 
0.003824 0.001178 -0.004608 -0.011369 0.005598 0.016870 -0.010775 -0.005684 -0.003837 -0.001851 
-0.000834 -0.025694 -0.012639 -0.010919 0.014798 0.009790 0.001717 -0.004508 0.003069 0.001449 
1-----------------------------------------------------------------------------------------------------------------------------------------------------

Inverse Matrix by Gauss-Jordan elimination with row swaps
0.002905 0.013659 -0.013838 -0.005208 0.009351 -0.002628 -0.006795 0.003695 -0.000617 -0.000707 
-0.003880 -0.000396 0.004692 0.000403 0.003112 -0.008919 -0.001959 0.006914 0.000012 0.004599 
0.002821 0.002914 0.003351 -0.000254 -0.009559 0.000437 0.010319 0.002160 -0.000618 -0.007090 
-0.015382 0.007621 0.004786 0.016858 -0.002885 -0.018445 0.001190 0.004757 0.000260 0.013475 
0.001637 -0.011324 0.017712 0.006554 -0.009917 -0.005825 0.004936 -0.010197 0.008343 0.001116 
0.003033 -0.002409 0.003822 0.001581 -0.006049 0.007755 -0.006966 0.006134 0.002048 -0.012580 
0.000900 0.010039 -0.009305 0.000666 0.008642 0.005632 -0.001833 0.001184 -0.009768 -0.003441 
0.006980 -0.014274 -0.001701 0.002424 -0.005019 0.001192 0.003632 -0.002750 0.002302 0.007241 
0.003365 0.004415 -0.003867 -0.011320 0.005765 0.015649 -0.010762 -0.004668 -0.003853 -0.001410 
-0.001779 -0.003530 -0.010234 -0.010814 0.014193 0.006490 0.002901 -0.001483 0.002959 0.001869 

************ New Inverse Matrix (Sherman-Morrison):
0.026347 -0.499216 3.265320 -34.810674 -64.048679 522.691623 -2245.060039 4355.919539 -93433.572722 63143.994834 
-0.056466 1.235391 -7.898689 83.837841 154.300103 -1259.042420 5407.783359 -10492.334324 225058.589439 -152098.418670 
-0.002856 0.127114 -0.790744 8.428385 15.503004 -126.577411 543.681897 -1054.844822 22626.267901 -15291.223793 
-0.023490 0.185004 -1.129346 12.054700 22.152270 -180.797844 776.476875 -1506.535342 32315.000839 -21839.012974 
-0.028366 0.645104 -4.179275 44.553986 81.977802 -669.000944 2873.443207 -5575.136454 119585.413504 -80817.847544 
-0.003441 0.139234 -0.901802 9.614006 17.685223 -144.347705 620.022228 -1202.992057 25804.086015 -17438.850957 
0.016662 -0.334821 2.195618 -23.402704 -43.064300 351.467880 -1509.586948 2928.940948 -62825.214480 42458.337355 
0.009861 -0.077304 0.401292 -4.275001 -7.877443 64.237801 -275.902613 535.318355 -11482.534304 7760.100577 
0.009917 -0.138922 0.912582 -9.738648 -17.896984 146.096692 -627.451600 1217.373804 -26112.542134 17647.295633 
0.015558 -0.382834 2.414914 -25.751690 -47.360833 386.572448 -1660.358116 3221.477954 -69100.122495 46699.040718 
2-----------------------------------------------------------------------------------------------------------------------------------------------------

Inverse Matrix by Gauss-Jordan elimination with row swaps
0.002905 0.013659 -0.013838 -0.005208 0.009351 -0.002628 -0.006795 0.003695 -0.000617 -0.000707 
-0.003880 -0.000396 0.004692 0.000403 0.003112 -0.008919 -0.001959 0.006914 0.000012 0.004599 
0.002821 0.002914 0.003351 -0.000254 -0.009559 0.000437 0.010319 0.002160 -0.000618 -0.007090 
-0.015382 0.007621 0.004786 0.016858 -0.002885 -0.018445 0.001190 0.004757 0.000260 0.013475 
0.001637 -0.011324 0.017712 0.006554 -0.009917 -0.005825 0.004936 -0.010197 0.008343 0.001116 
0.003033 -0.002409 0.003822 0.001581 -0.006049 0.007755 -0.006966 0.006134 0.002048 -0.012580 
0.000900 0.010039 -0.009305 0.000666 0.008642 0.005632 -0.001833 0.001184 -0.009768 -0.003441 
0.006980 -0.014274 -0.001701 0.002424 -0.005019 0.001192 0.003632 -0.002750 0.002302 0.007241 
0.003365 0.004415 -0.003867 -0.011320 0.005765 0.015649 -0.010762 -0.004668 -0.003853 -0.001410 
-0.001779 -0.003530 -0.010234 -0.010814 0.014193 0.006490 0.002901 -0.001483 0.002959 0.001869 

************ New Inverse Matrix (Sherman-Morrison):
-0.799842 -0.736491 3.068868 0.025959 -1.115690 -0.086179 0.288345 -0.065465 0.010225 0.342714 
-0.371754 -0.012517 0.510823 0.001785 0.254143 -0.272380 -0.057701 0.730227 0.000137 0.310545 
-0.461259 -0.177935 -0.865556 0.001190 1.522982 0.036268 -0.580646 -0.638759 0.011879 0.893383 
0.299697 -0.040333 -0.119269 0.005430 0.037252 0.101920 -0.004214 -0.122590 -0.000271 -0.182454 
0.020668 0.093161 -0.639196 0.000204 0.183249 0.087657 -0.027588 0.177864 -0.015950 -0.074145 
-0.259286 0.080025 -0.522429 -0.004234 0.493220 -0.205526 0.217608 -0.803450 -0.020024 0.861417 
-0.046361 -0.063336 0.265965 0.000121 -0.138172 -0.050927 0.006836 0.025263 0.012934 0.072785 
0.401507 -0.265072 -0.125149 0.006925 -0.247263 0.030935 0.065007 -0.193913 0.015322 0.274130 
0.042760 0.018844 -0.055695 -0.015294 0.050782 0.069133 -0.041853 -0.067386 -0.007840 -0.016267 
-0.009314 -0.028176 -0.319987 -0.019547 0.265985 0.077942 0.028065 -0.103121 0.009900 0.003831 
3-----------------------------------------------------------------------------------------------------------------------------------------------------

Inverse Matrix by Gauss-Jordan elimination with row swaps
0.002905 0.013659 -0.013838 -0.005208 0.009351 -0.002628 -0.006795 0.003695 -0.000617 -0.000707 
-0.003880 -0.000396 0.004692 0.000403 0.003112 -0.008919 -0.001959 0.006914 0.000012 0.004599 
0.002821 0.002914 0.003351 -0.000254 -0.009559 0.000437 0.010319 0.002160 -0.000618 -0.007090 
-0.015382 0.007621 0.004786 0.016858 -0.002885 -0.018445 0.001190 0.004757 0.000260 0.013475 
0.001637 -0.011324 0.017712 0.006554 -0.009917 -0.005825 0.004936 -0.010197 0.008343 0.001116 
0.003033 -0.002409 0.003822 0.001581 -0.006049 0.007755 -0.006966 0.006134 0.002048 -0.012580 
0.000900 0.010039 -0.009305 0.000666 0.008642 0.005632 -0.001833 0.001184 -0.009768 -0.003441 
0.006980 -0.014274 -0.001701 0.002424 -0.005019 0.001192 0.003632 -0.002750 0.002302 0.007241 
0.003365 0.004415 -0.003867 -0.011320 0.005765 0.015649 -0.010762 -0.004668 -0.003853 -0.001410 
-0.001779 -0.003530 -0.010234 -0.010814 0.014193 0.006490 0.002901 -0.001483 0.002959 0.001869 

************ New Inverse Matrix (Sherman-Morrison):
-0.048138 -0.422723 -0.315974 -0.137698 -0.358169 -0.135023 -0.283667 -0.105482 -0.300491 -0.161682 
-0.077695 -0.604195 -0.409226 -0.182481 -0.502540 -0.199428 -0.386475 -0.138313 -0.414672 -0.214188 
-0.029130 -0.256983 -0.174583 -0.078949 -0.227049 -0.081974 -0.155269 -0.060026 -0.179100 -0.101043 
-0.211344 -1.603784 -1.101208 -0.471359 -1.353285 -0.524497 -1.024535 -0.384715 -1.106516 -0.571698 
-0.035282 -0.296357 -0.174999 -0.079496 -0.246755 -0.100516 -0.177504 -0.074961 -0.187261 -0.099599 
0.103957 0.834436 0.579287 0.255241 0.696008 0.268624 0.525344 0.209941 0.576889 0.292360 
-0.036340 -0.307458 -0.228996 -0.095715 -0.258661 -0.090929 -0.203322 -0.078062 -0.227939 -0.120435 
0.179924 1.410639 0.976733 0.434185 1.189401 0.447899 0.910496 0.342267 0.981014 0.525109 
0.050487 0.388899 0.259552 0.105120 0.327645 0.137231 0.234140 0.087593 0.260199 0.137762 
-0.036137 -0.298278 -0.214461 -0.100318 -0.234150 -0.082662 -0.184056 -0.075442 -0.199596 -0.107006 
4-----------------------------------------------------------------------------------------------------------------------------------------------------

Inverse Matrix by Gauss-Jordan elimination with row swaps
0.002905 0.013659 -0.013838 -0.005208 0.009351 -0.002628 -0.006795 0.003695 -0.000617 -0.000707 
-0.003880 -0.000396 0.004692 0.000403 0.003112 -0.008919 -0.001959 0.006914 0.000012 0.004599 
0.002821 0.002914 0.003351 -0.000254 -0.009559 0.000437 0.010319 0.002160 -0.000618 -0.007090 
-0.015382 0.007621 0.004786 0.016858 -0.002885 -0.018445 0.001190 0.004757 0.000260 0.013475 
0.001637 -0.011324 0.017712 0.006554 -0.009917 -0.005825 0.004936 -0.010197 0.008343 0.001116 
0.003033 -0.002409 0.003822 0.001581 -0.006049 0.007755 -0.006966 0.006134 0.002048 -0.012580 
0.000900 0.010039 -0.009305 0.000666 0.008642 0.005632 -0.001833 0.001184 -0.009768 -0.003441 
0.006980 -0.014274 -0.001701 0.002424 -0.005019 0.001192 0.003632 -0.002750 0.002302 0.007241 
0.003365 0.004415 -0.003867 -0.011320 0.005765 0.015649 -0.010762 -0.004668 -0.003853 -0.001410 
-0.001779 -0.003530 -0.010234 -0.010814 0.014193 0.006490 0.002901 -0.001483 0.002959 0.001869 

************ New Inverse Matrix (Sherman-Morrison):
-0.007623 -0.026321 0.032246 0.021518 0.107335 0.030639 0.020166 0.012802 0.060827 0.047657 
-0.006540 -0.002078 0.006530 0.002740 0.017952 -0.007667 -0.007334 0.006939 0.005299 0.013960 
-0.001585 0.009463 0.022814 0.012571 0.045989 0.013500 0.012717 0.005982 0.028686 0.023280 
-0.018894 -0.010767 0.027695 0.026435 0.022826 -0.010160 0.022202 0.013929 0.021799 0.024837 
0.007776 -0.008303 -0.016841 -0.015901 -0.098460 -0.036061 -0.010207 -0.014035 -0.043587 -0.043499 
0.004927 -0.005316 -0.004035 -0.004363 -0.032317 -0.000092 -0.007509 0.005925 -0.011718 -0.026539 
-0.000533 -0.021419 0.017949 0.011060 0.027035 0.018962 0.032763 0.010889 0.013918 0.000593 
0.017984 -0.011756 -0.048338 -0.026071 -0.119844 -0.029333 -0.012260 -0.012900 -0.062847 -0.053420 
0.002577 -0.008648 0.008257 -0.006497 0.015474 0.021740 0.003849 -0.000478 0.007142 0.001363 
0.004187 -0.014837 -0.024670 -0.021682 -0.039382 -0.002443 0.008900 -0.004249 -0.021744 -0.029305 
5-----------------------------------------------------------------------------------------------------------------------------------------------------

Inverse Matrix by Gauss-Jordan elimination with row swaps
0.002905 0.013659 -0.013838 -0.005208 0.009351 -0.002628 -0.006795 0.003695 -0.000617 -0.000707 
-0.003880 -0.000396 0.004692 0.000403 0.003112 -0.008919 -0.001959 0.006914 0.000012 0.004599 
0.002821 0.002914 0.003351 -0.000254 -0.009559 0.000437 0.010319 0.002160 -0.000618 -0.007090 
-0.015382 0.007621 0.004786 0.016858 -0.002885 -0.018445 0.001190 0.004757 0.000260 0.013475 
0.001637 -0.011324 0.017712 0.006554 -0.009917 -0.005825 0.004936 -0.010197 0.008343 0.001116 
0.003033 -0.002409 0.003822 0.001581 -0.006049 0.007755 -0.006966 0.006134 0.002048 -0.012580 
0.000900 0.010039 -0.009305 0.000666 0.008642 0.005632 -0.001833 0.001184 -0.009768 -0.003441 
0.006980 -0.014274 -0.001701 0.002424 -0.005019 0.001192 0.003632 -0.002750 0.002302 0.007241 
0.003365 0.004415 -0.003867 -0.011320 0.005765 0.015649 -0.010762 -0.004668 -0.003853 -0.001410 
-0.001779 -0.003530 -0.010234 -0.010814 0.014193 0.006490 0.002901 -0.001483 0.002959 0.001869 

************ New Inverse Matrix (Sherman-Morrison):
0.004780 0.013850 -0.016105 -0.005403 0.007847 0.001682 -0.005848 0.000354 -0.000623 -0.002929 
-0.004515 -0.000461 0.005460 0.000469 0.003621 -0.010380 -0.002280 0.008047 0.000015 0.005352 
0.002367 0.002868 0.003900 -0.000207 -0.009195 -0.000607 0.010090 0.002969 -0.000617 -0.006552 
-0.016031 0.007555 0.005570 0.016925 -0.002365 -0.019936 0.000862 0.005913 0.000262 0.014244 
-0.000762 -0.011568 0.020613 0.006804 -0.007993 -0.011340 0.003725 -0.005921 0.008351 0.003960 
0.002515 -0.002462 0.004448 0.001635 -0.005634 0.006565 -0.007227 0.007056 0.002050 -0.011966 
0.002160 0.010168 -0.010829 0.000535 0.007632 0.008529 -0.001197 -0.001062 -0.009772 -0.004935 
0.007210 -0.014251 -0.001979 0.002400 -0.005204 0.001721 0.003748 -0.003161 0.002302 0.006968 
0.003889 0.004469 -0.004501 -0.011374 0.005345 0.016854 -0.010497 -0.005602 -0.003854 -0.002031 
-0.000392 -0.003388 -0.011911 -0.010958 0.013081 0.009677 0.003601 -0.003954 0.002954 0.000226 
6-----------------------------------------------------------------------------------------------------------------------------------------------------

Inverse Matrix by Gauss-Jordan elimination with row swaps
0.002905 0.013659 -0.013838 -0.005208 0.009351 -0.002628 -0.006795 0.003695 -0.000617 -0.000707 
-0.003880 -0.000396 0.004692 0.000403 0.003112 -0.008919 -0.001959 0.006914 0.000012 0.004599 
0.002821 0.002914 0.003351 -0.000254 -0.009559 0.000437 0.010319 0.002160 -0.000618 -0.007090 
-0.015382 0.007621 0.004786 0.016858 -0.002885 -0.018445 0.001190 0.004757 0.000260 0.013475 
0.001637 -0.011324 0.017712 0.006554 -0.009917 -0.005825 0.004936 -0.010197 0.008343 0.001116 
0.003033 -0.002409 0.003822 0.001581 -0.006049 0.007755 -0.006966 0.006134 0.002048 -0.012580 
0.000900 0.010039 -0.009305 0.000666 0.008642 0.005632 -0.001833 0.001184 -0.009768 -0.003441 
0.006980 -0.014274 -0.001701 0.002424 -0.005019 0.001192 0.003632 -0.002750 0.002302 0.007241 
0.003365 0.004415 -0.003867 -0.011320 0.005765 0.015649 -0.010762 -0.004668 -0.003853 -0.001410 
-0.001779 -0.003530 -0.010234 -0.010814 0.014193 0.006490 0.002901 -0.001483 0.002959 0.001869 

************ New Inverse Matrix (Sherman-Morrison):
0.018650 0.006127 -0.020986 -0.009915 0.004153 0.003940 0.004870 -0.003012 0.006850 -0.005207 
-0.001580 -0.002095 0.004428 -0.000486 0.002840 -0.009902 -0.000012 0.007335 0.001596 0.004870 
0.006545 0.000541 0.002430 -0.001566 -0.010308 0.000074 0.013319 0.001954 0.001635 -0.007238 
-0.131293 0.071735 0.046127 0.054420 0.028334 -0.038698 -0.088209 0.033887 -0.061845 0.033178 
-0.072479 0.028365 0.045848 0.030134 0.011108 -0.023014 -0.051696 0.011485 -0.030292 0.015741 
0.063892 -0.036638 -0.017149 -0.018331 -0.021982 0.016556 0.040203 -0.007840 0.035122 -0.022049 
-0.008690 0.016209 -0.007012 0.004065 0.010521 0.006763 -0.009581 0.001571 -0.015618 -0.003153 
0.001669 -0.011165 -0.000029 0.004202 -0.003728 0.000819 -0.000534 -0.001816 -0.000684 0.007878 
0.070662 -0.032712 -0.027996 -0.033096 -0.012440 0.027723 0.041103 -0.021808 0.032125 -0.013000 
0.064814 -0.039697 -0.034855 -0.032170 -0.004286 0.020292 0.053991 -0.019779 0.038089 -0.010485 
7-----------------------------------------------------------------------------------------------------------------------------------------------------

Inverse Matrix by Gauss-Jordan elimination with row swaps
0.002905 0.013659 -0.013838 -0.005208 0.009351 -0.002628 -0.006795 0.003695 -0.000617 -0.000707 
-0.003880 -0.000396 0.004692 0.000403 0.003112 -0.008919 -0.001959 0.006914 0.000012 0.004599 
0.002821 0.002914 0.003351 -0.000254 -0.009559 0.000437 0.010319 0.002160 -0.000618 -0.007090 
-0.015382 0.007621 0.004786 0.016858 -0.002885 -0.018445 0.001190 0.004757 0.000260 0.013475 
0.001637 -0.011324 0.017712 0.006554 -0.009917 -0.005825 0.004936 -0.010197 0.008343 0.001116 
0.003033 -0.002409 0.003822 0.001581 -0.006049 0.007755 -0.006966 0.006134 0.002048 -0.012580 
0.000900 0.010039 -0.009305 0.000666 0.008642 0.005632 -0.001833 0.001184 -0.009768 -0.003441 
0.006980 -0.014274 -0.001701 0.002424 -0.005019 0.001192 0.003632 -0.002750 0.002302 0.007241 
0.003365 0.004415 -0.003867 -0.011320 0.005765 0.015649 -0.010762 -0.004668 -0.003853 -0.001410 
-0.001779 -0.003530 -0.010234 -0.010814 0.014193 0.006490 0.002901 -0.001483 0.002959 0.001869 

************ New Inverse Matrix (Sherman-Morrison):

Inverse Matrix:
7704104538207367784210371809932740860398576420342827414176258105587441969724650750488046631590910514681652250148864.000000 2014473657780908705459935328699570795864108965343234858603645810673085654273079197622945637789232785741733882232832.000000 2652987851166551748801797092260507599110514113290221564314222214319511386026937910529308478887233331102268522496.000000 26464933224458110600713998229909250483690670043591523475685608231576043419101360997883338459724452222700359778304.000000 8980685958562434647571251252540884822478973700852133905273217347002556730244888625896260437975890930589841227776.000000 443027057002608209756977886005394692450992964611662652244028490446823867126406673693248899186250619999782371852288.000000 118818678342102121727497132387634690188595650202906920028689157634572760155224823714067803171669562653130912432128.000000 55270952926696079583161105556858178551187674097300898095663076341415987570469903383181427135602094504916969062400.000000 107431251780240951937545733173483050826234959124571286929047342710682867995629111340341622766877618263884644220928.000000 -0.000010 
31894414099856647680277322261276294668632148828266614808283145008450465690386125297168224125582340570554274395717632.000000 3578751717530653046466261352438570616689005717035306957607397092682901677539657977543465649895897669444349758275584.000000 17084931774614363877984880701687331102039489991087953238108299605378562276913261316740932278520900329179938029568.000000 547814178273291763467652803484981340584599568899931104020757315904639456188188371245669665720963254474065385095168.000000 33751480547515936517600828003858555050686527481171505654544246878578115663644682929946889331852482166104229150720.000000 1834098738329146108513743510049710422703738739842370756388294124292671285842162811201915043751133921536826360725504.000000 309086843488035144193502322839767822947122808050814939518295392989515081320458001746043449954609285263843613736960.000000 88574552314174055780797774501771634175716465081883341176411430618262894536724630824134064920050903733332770553856.000000 865794235483325742667252380600463453523487511610966345767258380225177195430281394807505742257537081929247041257472.000000 -0.000095 
18793124757486536916609046090261244860211300540906757523395895099597013541283919764936593254277501685358799303475200.000000 27281377841081914844790323993568815031602076875933472386072469610513475111052106612251368698923338631651529154625536.000000 39493392452115818790321805435538902430145165486350716980891049026272079356417278348429735577967119320904108081152.000000 847318998569488220115830478338793524928769499208207703108572802223468128270570580639420262857033381281306484146176.000000 135404974102927897072335128358044297462568456094771737783813673827489292611632747633246590537630308380283206893568.000000 6514248377034197485715224963051706942300511179675609893557048597592952723655509249826607298461100826802630810402816.000000 1469199878547124956934197970882929786961899441492209207533438456360190559050599025652937491415325211505847659659264.000000 243556719103861466498302283485106853523516574378056902078628936482396320181553479488410679489680157827968662503424.000000 2494849855663326563999138200460621764085919991096353976741070658476893754758746658853931878675571523560183399710720.000000 -0.000287 
470241311343434226032041913669000938627572932490895840976264726084446005298328289067728296807800142260086910037786624.000000 11871900247327094465710063966999699565467915716400158634079933997620551391329851819790648303338751173236559706062848.000000 133698070156893898824212197956088127564784739520140183680851725091209389420601886617804890104726358084507001683968.000000 16678595480816572510528919527414743046780937705775566873583737101576755839759902142502788122396506852483613421731840.000000 1142973971351740731157266860028720927447104872773656485997442280860659632451852894731737701949010365507208709406720.000000 143018858250715679063174099789703398358419867009347131104053927063945531617774621063401261529393946271634374281658368.000000 21940673880533316313309341463337722627605799466384761692111918360794187388119700970678668297180726926524621982269440.000000 5789559258135894173676720904200156695618774178541670907425569435779543634126664369158792857576086804915103515803648.000000 4406548168844672805845571701746222980354219376523473742963072817047727070110823143114576600765091479320580988076032.000000 -0.003430 
85200234998738846854638366659750346305302280286555216908479510237774935300203383137346068364248740433664486070550528.000000 53057980604855477154807941142627619422568873557381282075209903569399659610341664216726694070440291304976872940503040.000000 23170744917202152724566230096400614807265111968280559596309729016377100764295918165054265245688118660068955652096.000000 1024371465325480879423903878928354299911850167772601651761440717916016156920420527514497769767184567914042895630336.000000 251464821864210471418711581747770001498689197806722659648963578987602697570149767441737088642152233427722215358464.000000 14480648222342824673258473646931286110689553282725238372491019645704587455888578596872063208298363206588934492520448.000000 4186752767466638630845960811291482046468161766214359515652219277853263010091148616036973772330157159891981930856448.000000 460077155230760231820030614961975927311576922327713595428311950454973085353761982255055774830461346018127779987456.000000 1064528446600421691613023691114465250005410228208650959373309644470761184219629210178070079863365485818045475586048.000000 -0.001026 
834360191709159339267300852800014686074435474535056071457494715653624683380392148979764112935796994489428970831872.000000 406245686506222982631257902670707061127976376233903332692325283967786666599337602078839627506522716642443886854144.000000 2033345337923683014531202090454351511299455524737275887314813230473644668120755241215031548082300067109465489408.000000 87059966796927570358043366417235809005395964030134894638024829008665211986870146033359785142141745315987228459008.000000 3538662717993389660362335833647690854649890072834896109127900602964596015115957129711760265136237695726778318848.000000 591755261542912120532995750265351915195999826332917304416903670770965274910003335283483505711383920476793054691328.000000 55909894472079791200536722542975054699034598906309204676643409588246563575202761805369887972253301749497802522624.000000 27419214617957698792423022373759093869874685007871304642060825277734345467265437378662964407564044683360455360512.000000 135430045537083001006321407288692887514827499888609113889411471871040841389985031360374108263832567686569664708608.000000 -0.000025 
1601779844143913684788563184458965690680939039824266454150242914296824650644055566321029040699538611209974918905069568.000000 1752364235827969976591880572224658805414360317700271987311017881547820327049288136944689557731059476543301082293469184.000000 8415274312147583207024449421818405982168170609616180141012573387996721003615260056746967595374258031930857127673856.000000 134808583129983890166016992687274644886592728382117670910010274579757136981049999411509650151897687628578713524764672.000000 10289447922735043399483477679738284268633342649228184064075246062731441686227286727011421081099448947889961076523008.000000 214925375064033431362934522750527911012356983161854658299915007848802314020662041530325299141621577977923692560121856.000000 186840927950213977885882560968998803536013074890591879633722438444912450268507455088747409476679316785082488563171328.000000 51897202913391778358560694404996576259026066253202351567217526011037130331183964353666228880488454307580853954281472.000000 87558307975569118875216120517258068142159537210268017041020015107342777976909089424204153286258238885447041059651584.000000 -0.078795 
13199870284209424944284824326224532308688490700779702537706155655118949020616530945445914533854062411664820073922560.000000 12796769482487986995570687537735305185539212549816070095244363421078045033317009878171234697737230375216544361742336.000000 16251951758695807437588627839209827931258736326234182027508482614347528290721367364163079517877507042379401527296.000000 438021497057420112429145712293826469716749803130011428728891001309268940514984133429231043041951077848506511130624.000000 8250109049799154222658309765634767155836516628627174019711628425174963069796979816679371419331366595617257160704.000000 4817519001157508442297003360982480151537113092453521921437042175093582451898948227377877696196378203436527497773056.000000 275182164664378984917827656199964688938699303568063952879696188006672590607740192636296918719714347771612092170240.000000 222389426061744051714576574722550398598448833008105042288901958446575117929935617705120996017069988473291560452096.000000 544252060458623391822551574619912493918940516684929755475501317967542924645065366994099067818709625033914826358784.000000 -0.000137 
53172363264001051059783559630914429652289027396784816570374346782577001362549277428144712591803860076202239310430208.000000 1372920087713915330079385868405199843272268877484256840616100551875464260307996330754970327103558138752768308936704.000000 17254079452121290754157466962229806145279770946836604468448129975114544156579595451210531699643132127778357379072.000000 860871481587918718302043705083978869072700609399940653330677897992945238527743547403624581259418991025718019751936.000000 56018577046371367708236111755319993718418427945217105025671633355587234711888716436533490402394772254320855351296.000000 6891394080549036445775686356351091544942954612366641984502414233434058632771658754446627439346678979433864020099072.000000 35990333071515501129373775898116392550250391298754715346464914918289751939098082693476933915779084941501772333056.000000 203599992307458601917585340771751253264466656412903052542243524370202774136662174022363538910527700444699498119168.000000 778545020137959209075431005590748905484319641195831796363643823086280238641028517700797464844586047525418468114432.000000 -0.000307 
0.000000 0.000000 0.000000 0.000000 0.000000 0.000000 0.000000 0.000000 0.000000 0.000000 
7704104538207367784210371809932740860398576420342827414176258105587441969724650750488046631590910514681652250148864.000000 2014473657780908705459935328699570795864108965343234858603645810673085654273079197622945637789232785741733882232832.000000 2652987851166551748801797092260507599110514113290221564314222214319511386026937910529308478887233331102268522496.000000 26464933224458110600713998229909250483690670043591523475685608231576043419101360997883338459724452222700359778304.000000 8980685958562434647571251252540884822478973700852133905273217347002556730244888625896260437975890930589841227776.000000 443027057002608209756977886005394692450992964611662652244028490446823867126406673693248899186250619999782371852288.000000 118818678342102121727497132387634690188595650202906920028689157634572760155224823714067803171669562653130912432128.000000 55270952926696079583161105556858178551187674097300898095663076341415987570469903383181427135602094504916969062400.000000 107431251780240951937545733173483050826234959124571286929047342710682867995629111340341622766877618263884644220928.000000 -0.000010 
31894414099856647680277322261276294668632148828266614808283145008450465690386125297168224125582340570554274395717632.000000 3578751717530653046466261352438570616689005717035306957607397092682901677539657977543465649895897669444349758275584.000000 17084931774614363877984880701687331102039489991087953238108299605378562276913261316740932278520900329179938029568.000000 547814178273291763467652803484981340584599568899931104020757315904639456188188371245669665720963254474065385095168.000000 33751480547515936517600828003858555050686527481171505654544246878578115663644682929946889331852482166104229150720.000000 1834098738329146108513743510049710422703738739842370756388294124292671285842162811201915043751133921536826360725504.000000 309086843488035144193502322839767822947122808050814939518295392989515081320458001746043449954609285263843613736960.000000 88574552314174055780797774501771634175716465081883341176411430618262894536724630824134064920050903733332770553856.000000 865794235483325742667252380600463453523487511610966345767258380225177195430281394807505742257537081929247041257472.000000 -0.000095 
18793124757486536916609046090261244860211300540906757523395895099597013541283919764936593254277501685358799303475200.000000 27281377841081914844790323993568815031602076875933472386072469610513475111052106612251368698923338631651529154625536.000000 39493392452115818790321805435538902430145165486350716980891049026272079356417278348429735577967119320904108081152.000000 847318998569488220115830478338793524928769499208207703108572802223468128270570580639420262857033381281306484146176.000000 135404974102927897072335128358044297462568456094771737783813673827489292611632747633246590537630308380283206893568.000000 6514248377034197485715224963051706942300511179675609893557048597592952723655509249826607298461100826802630810402816.000000 1469199878547124956934197970882929786961899441492209207533438456360190559050599025652937491415325211505847659659264.000000 243556719103861466498302283485106853523516574378056902078628936482396320181553479488410679489680157827968662503424.000000 2494849855663326563999138200460621764085919991096353976741070658476893754758746658853931878675571523560183399710720.000000 -0.000287 
470241311343434226032041913669000938627572932490895840976264726084446005298328289067728296807800142260086910037786624.000000 11871900247327094465710063966999699565467915716400158634079933997620551391329851819790648303338751173236559706062848.000000 133698070156893898824212197956088127564784739520140183680851725091209389420601886617804890104726358084507001683968.000000 16678595480816572510528919527414743046780937705775566873583737101576755839759902142502788122396506852483613421731840.000000 1142973971351740731157266860028720927447104872773656485997442280860659632451852894731737701949010365507208709406720.000000 143018858250715679063174099789703398358419867009347131104053927063945531617774621063401261529393946271634374281658368.000000 21940673880533316313309341463337722627605799466384761692111918360794187388119700970678668297180726926524621982269440.000000 5789559258135894173676720904200156695618774178541670907425569435779543634126664369158792857576086804915103515803648.000000 4406548168844672805845571701746222980354219376523473742963072817047727070110823143114576600765091479320580988076032.000000 -0.003430 
85200234998738846854638366659750346305302280286555216908479510237774935300203383137346068364248740433664486070550528.000000 53057980604855477154807941142627619422568873557381282075209903569399659610341664216726694070440291304976872940503040.000000 23170744917202152724566230096400614807265111968280559596309729016377100764295918165054265245688118660068955652096.000000 1024371465325480879423903878928354299911850167772601651761440717916016156920420527514497769767184567914042895630336.000000 251464821864210471418711581747770001498689197806722659648963578987602697570149767441737088642152233427722215358464.000000 14480648222342824673258473646931286110689553282725238372491019645704587455888578596872063208298363206588934492520448.000000 4186752767466638630845960811291482046468161766214359515652219277853263010091148616036973772330157159891981930856448.000000 460077155230760231820030614961975927311576922327713595428311950454973085353761982255055774830461346018127779987456.000000 1064528446600421691613023691114465250005410228208650959373309644470761184219629210178070079863365485818045475586048.000000 -0.001026 
834360191709159339267300852800014686074435474535056071457494715653624683380392148979764112935796994489428970831872.000000 406245686506222982631257902670707061127976376233903332692325283967786666599337602078839627506522716642443886854144.000000 2033345337923683014531202090454351511299455524737275887314813230473644668120755241215031548082300067109465489408.000000 87059966796927570358043366417235809005395964030134894638024829008665211986870146033359785142141745315987228459008.000000 3538662717993389660362335833647690854649890072834896109127900602964596015115957129711760265136237695726778318848.000000 591755261542912120532995750265351915195999826332917304416903670770965274910003335283483505711383920476793054691328.000000 55909894472079791200536722542975054699034598906309204676643409588246563575202761805369887972253301749497802522624.000000 27419214617957698792423022373759093869874685007871304642060825277734345467265437378662964407564044683360455360512.000000 135430045537083001006321407288692887514827499888609113889411471871040841389985031360374108263832567686569664708608.000000 -0.000025 
1601779844143913684788563184458965690680939039824266454150242914296824650644055566321029040699538611209974918905069568.000000 1752364235827969976591880572224658805414360317700271987311017881547820327049288136944689557731059476543301082293469184.000000 8415274312147583207024449421818405982168170609616180141012573387996721003615260056746967595374258031930857127673856.000000 134808583129983890166016992687274644886592728382117670910010274579757136981049999411509650151897687628578713524764672.000000 10289447922735043399483477679738284268633342649228184064075246062731441686227286727011421081099448947889961076523008.000000 214925375064033431362934522750527911012356983161854658299915007848802314020662041530325299141621577977923692560121856.000000 186840927950213977885882560968998803536013074890591879633722438444912450268507455088747409476679316785082488563171328.000000 51897202913391778358560694404996576259026066253202351567217526011037130331183964353666228880488454307580853954281472.000000 87558307975569118875216120517258068142159537210268017041020015107342777976909089424204153286258238885447041059651584.000000 -0.078795 
13199870284209424944284824326224532308688490700779702537706155655118949020616530945445914533854062411664820073922560.000000 12796769482487986995570687537735305185539212549816070095244363421078045033317009878171234697737230375216544361742336.000000 16251951758695807437588627839209827931258736326234182027508482614347528290721367364163079517877507042379401527296.000000 438021497057420112429145712293826469716749803130011428728891001309268940514984133429231043041951077848506511130624.000000 8250109049799154222658309765634767155836516628627174019711628425174963069796979816679371419331366595617257160704.000000 4817519001157508442297003360982480151537113092453521921437042175093582451898948227377877696196378203436527497773056.000000 275182164664378984917827656199964688938699303568063952879696188006672590607740192636296918719714347771612092170240.000000 222389426061744051714576574722550398598448833008105042288901958446575117929935617705120996017069988473291560452096.000000 544252060458623391822551574619912493918940516684929755475501317967542924645065366994099067818709625033914826358784.000000 -0.000137 
53172363264001051059783559630914429652289027396784816570374346782577001362549277428144712591803860076202239310430208.000000 1372920087713915330079385868405199843272268877484256840616100551875464260307996330754970327103558138752768308936704.000000 17254079452121290754157466962229806145279770946836604468448129975114544156579595451210531699643132127778357379072.000000 860871481587918718302043705083978869072700609399940653330677897992945238527743547403624581259418991025718019751936.000000 56018577046371367708236111755319993718418427945217105025671633355587234711888716436533490402394772254320855351296.000000 6891394080549036445775686356351091544942954612366641984502414233434058632771658754446627439346678979433864020099072.000000 35990333071515501129373775898116392550250391298754715346464914918289751939098082693476933915779084941501772333056.000000 203599992307458601917585340771751253264466656412903052542243524370202774136662174022363538910527700444699498119168.000000 778545020137959209075431005590748905484319641195831796363643823086280238641028517700797464844586047525418468114432.000000 -0.000307 
0.000000 0.000000 0.000000 0.000000 0.000000 0.000000 0.000000 0.000000 0.000000 0.000000 
8-----------------------------------------------------------------------------------------------------------------------------------------------------

